#
# There is insufficient memory for the Java Runtime Environment to continue.
# Native memory allocation (mmap) failed to map 67108864 bytes for G1 virtual space
# Possible reasons:
#   The system is out of physical RAM or swap space
#   The process is running with CompressedOops enabled, and the Java Heap may be blocking the growth of the native heap
# Possible solutions:
#   Reduce memory load on the system
#   Increase physical memory or swap space
#   Check if swap backing store is full
#   Decrease Java heap size (-Xmx/-Xms)
#   Decrease number of Java threads
#   Decrease Java thread stack sizes (-Xss)
#   Set larger code cache with -XX:ReservedCodeCacheSize=
#   JVM is running with Unscaled Compressed Oops mode in which the Java heap is
#     placed in the first 4GB address space. The Java Heap base address is the
#     maximum limit for the native heap growth. Please use -XX:HeapBaseMinAddress
#     to set the Java Heap base and to place the Java Heap above 4GB virtual address.
# This output file may be truncated or incomplete.
#
#  Out of Memory Error (os_windows.cpp:3600), pid=9116, tid=9440
#
# JRE version:  (21.0+35) (build )
# Java VM: OpenJDK 64-Bit Server VM (21+35-2513, mixed mode, sharing, tiered, compressed oops, compressed class ptrs, g1 gc, windows-amd64)
# No core dump will be written. Minidumps are not enabled by default on client versions of Windows
#

---------------  S U M M A R Y ------------

Command Line: -Xmx64m -Xms64m -Dorg.gradle.appname=gradlew org.gradle.wrapper.GradleWrapperMain bootRun --stacktrace

Host: 11th Gen Intel(R) Core(TM) i7-1185G7 @ 3.00GHz, 8 cores, 15G,  Windows 11 , 64 bit Build 22621 (10.0.22621.3235)
Time: Wed Apr 10 21:16:29 2024 W. Europe Daylight Time elapsed time: 0.051831 seconds (0d 0h 0m 0s)

---------------  T H R E A D  ---------------

Current thread (0x000002d9f0acd2b0):  JavaThread "Unknown thread" [_thread_in_vm, id=9440, stack(0x000000ead2c00000,0x000000ead2d00000) (1024K)]

Stack: [0x000000ead2c00000,0x000000ead2d00000]
Native frames: (J=compiled Java code, j=interpreted, Vv=VM code, C=native code)
V  [jvm.dll+0x6c8d39]
V  [jvm.dll+0x854091]
V  [jvm.dll+0x85630e]
V  [jvm.dll+0x8569e3]
V  [jvm.dll+0x2809a6]
V  [jvm.dll+0x6c5425]
V  [jvm.dll+0x6b9e1a]
V  [jvm.dll+0x3555ba]
V  [jvm.dll+0x35d206]
V  [jvm.dll+0x3adf6e]
V  [jvm.dll+0x3ae218]
V  [jvm.dll+0x328fcc]
V  [jvm.dll+0x329b5b]
V  [jvm.dll+0x81c699]
V  [jvm.dll+0x3bb2a1]
V  [jvm.dll+0x805688]
V  [jvm.dll+0x44ed9e]
V  [jvm.dll+0x4506a1]
C  [jli.dll+0x52a3]
C  [ucrtbase.dll+0x29363]
C  [KERNEL32.DLL+0x1257d]
C  [ntdll.dll+0x5aa58]


---------------  P R O C E S S  ---------------

Threads class SMR info:
_java_thread_list=0x00007ff974b57b48, length=0, elements={
}

Java Threads: ( => current thread )
Total: 0

Other Threads:
  0x000002d9f2d539d0 WorkerThread "GC Thread#0"                     [id=3808, stack(0x000000ead2d00000,0x000000ead2e00000) (1024K)]
  0x000002d9f2d551b0 ConcurrentGCThread "G1 Main Marker"            [id=14116, stack(0x000000ead2e00000,0x000000ead2f00000) (1024K)]
  0x000002d9f2d56cc0 WorkerThread "G1 Conc#0"                       [id=18712, stack(0x000000ead2f00000,0x000000ead3000000) (1024K)]

[error occurred during error reporting (printing all threads), id 0xc0000005, EXCEPTION_ACCESS_VIOLATION (0xc0000005) at pc=0x00007ff9742cc097]
VM state: not at safepoint (not fully initialized)

VM Mutex/Monitor currently owned by a thread:  ([mutex/lock_event])
[0x00007ff974bc8648] Heap_lock - owner thread: 0x000002d9f0acd2b0

Heap address: 0x00000000fc000000, size: 64 MB, Compressed Oops mode: 32-bit

CDS archive(s) mapped at: [0x0000000000000000-0x0000000000000000-0x0000000000000000), size 0, SharedBaseAddress: 0x0000000800000000, ArchiveRelocationMode: 1.
Narrow klass base: 0x0000000000000000, Narrow klass shift: 0, Narrow klass range: 0x0

GC Precious Log:
 CardTable entry size: 512
 Card Set container configuration: InlinePtr #cards 5 size 8 Array Of Cards #cards 12 size 40 Howl #buckets 4 coarsen threshold 1843 Howl Bitmap #cards 512 size 80 coarsen threshold 460 Card regions per heap region 1 cards per card region 2048

Heap:
 garbage-first heap   total 0K, used 0K [0x00000000fc000000, 0x0000000100000000)
  region size 1024K, 0 young (0K), 0 survivors (0K)

[error occurred during error reporting (printing heap information), id 0xc0000005, EXCEPTION_ACCESS_VIOLATION (0xc0000005) at pc=0x00007ff9746b1939]
GC Heap History (0 events):
No events

Dll operation events (1 events):
Event: 0.045 Loaded shared library C:\MyTools\jdk-21\bin\java.dll

Deoptimization events (0 events):
No events

Classes loaded (0 events):
No events

Classes unloaded (0 events):
No events

Classes redefined (0 events):
No events

Internal exceptions (0 events):
No events

ZGC Phase Switch (0 events):
No events

VM Operations (0 events):
No events

Events (0 events):
No events


Dynamic libraries:
0x00007ff748ff0000 - 0x00007ff748ffe000 	C:\MyTools\jdk-21\bin\java.exe
0x00007ff9e74b0000 - 0x00007ff9e76c6000 	C:\WINDOWS\SYSTEM32\ntdll.dll
0x00007ff9e61c0000 - 0x00007ff9e6284000 	C:\WINDOWS\System32\KERNEL32.DLL
0x00007ff9e4b30000 - 0x00007ff9e4ed6000 	C:\WINDOWS\System32\KERNELBASE.dll
0x00007ff9e4ee0000 - 0x00007ff9e4ff1000 	C:\WINDOWS\System32\ucrtbase.dll
0x00007ff9ab150000 - 0x00007ff9ab16b000 	C:\MyTools\jdk-21\bin\VCRUNTIME140.dll
0x00007ff9a3c60000 - 0x00007ff9a3c78000 	C:\MyTools\jdk-21\bin\jli.dll
0x00007ff9e6010000 - 0x00007ff9e61bd000 	C:\WINDOWS\System32\USER32.dll
0x00007ff9e5000000 - 0x00007ff9e5026000 	C:\WINDOWS\System32\win32u.dll
0x00007ff9c8ae0000 - 0x00007ff9c8d73000 	C:\WINDOWS\WinSxS\amd64_microsoft.windows.common-controls_6595b64144ccf1df_6.0.22621.3235_none_270f74e173860f98\COMCTL32.dll
0x00007ff9e7080000 - 0x00007ff9e70a9000 	C:\WINDOWS\System32\GDI32.dll
0x00007ff9e5df0000 - 0x00007ff9e5e97000 	C:\WINDOWS\System32\msvcrt.dll
0x00007ff9e4870000 - 0x00007ff9e4988000 	C:\WINDOWS\System32\gdi32full.dll
0x00007ff9e5030000 - 0x00007ff9e50ca000 	C:\WINDOWS\System32\msvcp_win.dll
0x00007ff9e7040000 - 0x00007ff9e7071000 	C:\WINDOWS\System32\IMM32.DLL
0x00007ff9c5e30000 - 0x00007ff9c5e3c000 	C:\MyTools\jdk-21\bin\vcruntime140_1.dll
0x00007ff994de0000 - 0x00007ff994e6e000 	C:\MyTools\jdk-21\bin\msvcp140.dll
0x00007ff973f90000 - 0x00007ff974ca3000 	C:\MyTools\jdk-21\bin\server\jvm.dll
0x00007ff9e5ab0000 - 0x00007ff9e5b62000 	C:\WINDOWS\System32\ADVAPI32.dll
0x00007ff9e6290000 - 0x00007ff9e6338000 	C:\WINDOWS\System32\sechost.dll
0x00007ff9e4990000 - 0x00007ff9e49b8000 	C:\WINDOWS\System32\bcrypt.dll
0x00007ff9e6e70000 - 0x00007ff9e6f85000 	C:\WINDOWS\System32\RPCRT4.dll
0x00007ff9e6fc0000 - 0x00007ff9e7031000 	C:\WINDOWS\System32\WS2_32.dll
0x00007ff9e4510000 - 0x00007ff9e455d000 	C:\WINDOWS\SYSTEM32\POWRPROF.dll
0x00007ff9db760000 - 0x00007ff9db794000 	C:\WINDOWS\SYSTEM32\WINMM.dll
0x00007ff9da7e0000 - 0x00007ff9da7ea000 	C:\WINDOWS\SYSTEM32\VERSION.dll
0x00007ff9e44f0000 - 0x00007ff9e4503000 	C:\WINDOWS\SYSTEM32\UMPDC.dll
0x00007ff9e37f0000 - 0x00007ff9e3808000 	C:\WINDOWS\SYSTEM32\kernel.appcore.dll
0x00007ff9b19e0000 - 0x00007ff9b19ea000 	C:\MyTools\jdk-21\bin\jimage.dll
0x00007ff9e1db0000 - 0x00007ff9e1fe3000 	C:\WINDOWS\SYSTEM32\DBGHELP.DLL
0x00007ff9e5720000 - 0x00007ff9e5aa8000 	C:\WINDOWS\System32\combase.dll
0x00007ff9e70b0000 - 0x00007ff9e7187000 	C:\WINDOWS\System32\OLEAUT32.dll
0x00007ff9d4680000 - 0x00007ff9d46b2000 	C:\WINDOWS\SYSTEM32\dbgcore.DLL
0x00007ff9e47f0000 - 0x00007ff9e486a000 	C:\WINDOWS\System32\bcryptPrimitives.dll
0x00007ff99f130000 - 0x00007ff99f14f000 	C:\MyTools\jdk-21\bin\java.dll

dbghelp: loaded successfully - version: 4.0.5 - missing functions: none
symbol engine: initialized successfully - sym options: 0x614 - pdb path: .;C:\MyTools\jdk-21\bin;C:\WINDOWS\SYSTEM32;C:\WINDOWS\WinSxS\amd64_microsoft.windows.common-controls_6595b64144ccf1df_6.0.22621.3235_none_270f74e173860f98;C:\MyTools\jdk-21\bin\server

VM Arguments:
jvm_args: -Xmx64m -Xms64m -Dorg.gradle.appname=gradlew 
java_command: org.gradle.wrapper.GradleWrapperMain bootRun --stacktrace
java_class_path (initial): C:\ÜK295\UEK295AuthorAndrin\AuthorAndrin296Uek\\gradle\wrapper\gradle-wrapper.jar
Launcher Type: SUN_STANDARD

[Global flags]
     intx CICompilerCount                          = 4                                         {product} {ergonomic}
     uint ConcGCThreads                            = 2                                         {product} {ergonomic}
     uint G1ConcRefinementThreads                  = 8                                         {product} {ergonomic}
   size_t G1HeapRegionSize                         = 1048576                                   {product} {ergonomic}
    uintx GCDrainStackTargetSize                   = 64                                        {product} {ergonomic}
   size_t InitialHeapSize                          = 67108864                                  {product} {command line}
   size_t MarkStackSize                            = 4194304                                   {product} {ergonomic}
   size_t MaxHeapSize                              = 67108864                                  {product} {command line}
   size_t MinHeapDeltaBytes                        = 1048576                                   {product} {ergonomic}
   size_t MinHeapSize                              = 67108864                                  {product} {command line}
    uintx NonNMethodCodeHeapSize                   = 5839372                                {pd product} {ergonomic}
    uintx NonProfiledCodeHeapSize                  = 122909434                              {pd product} {ergonomic}
    uintx ProfiledCodeHeapSize                     = 122909434                              {pd product} {ergonomic}
    uintx ReservedCodeCacheSize                    = 251658240                              {pd product} {ergonomic}
     bool SegmentedCodeCache                       = true                                      {product} {ergonomic}
   size_t SoftMaxHeapSize                          = 67108864                               {manageable} {ergonomic}
     bool UseCompressedOops                        = true                           {product lp64_product} {ergonomic}
     bool UseG1GC                                  = true                                      {product} {ergonomic}
     bool UseLargePagesIndividualAllocation        = false                                  {pd product} {ergonomic}

Logging:
Log output configuration:
 #0: stdout all=warning uptime,level,tags foldmultilines=false
 #1: stderr all=off uptime,level,tags foldmultilines=false

Environment Variables:
JAVA_HOME=C:\MyTools\jdk-21
CLASSPATH=C:\ÜK295\UEK295AuthorAndrin\AuthorAndrin296Uek\\gradle\wrapper\gradle-wrapper.jar
PATH=C:\MyTools\jdk-21\bin;C:\Program Files (x86)\VMware\VMware Workstation\bin\;C:\Program Files\PostgreSQL\16\bin;C:\WINDOWS\system32;C:\WINDOWS;C:\WINDOWS\System32\Wbem;C:\WINDOWS\System32\WindowsPowerShell\v1.0\;C:\WINDOWS\System32\OpenSSH\;C:\Program Files\dotnet\;C:\Program Files\PuTTY\;C:\Program Files\Git\cmd;C:\Program Files (x86)\Gpg4win\..\GnuPG\bin;C:\Program Files\PowerShell\7\;C:\Program Files\Cloudflare\Cloudflare WARP\;C:\Program Files\Docker\Docker\resources\bin;C:\Users\Andrin Rüegg\AppData\Local\Programs\Python\Python312\Scripts\;C:\Users\Andrin Rüegg\AppData\Local\Programs\Python\Python312\;C:\Program Files\MySQL\MySQL Shell 8.0\bin\;C:\Users\Andrin Rüegg\AppData\Local\Microsoft\WindowsApps;C:\Users\Andrin Rüegg\AppData\Local\Programs\Microsoft VS Code\bin;C:\MinGW\bin;C:\MyTools\msys64;C:\MyTools\msys64\mingw64\bin;C:\Users\Andrin Rüegg\AppData\Local\gitkraken\bin;C:\Users\Andrin Rüegg\AppData\Local\GitHubDesktop\bin;C:\ProgramData\Andrin Rüegg\GitHubDesktop\bin;C:\Users\Andrin Rüegg\AppData\Local\Programs\Python\Python312;
USERNAME=Andrin Rüegg
OS=Windows_NT
PROCESSOR_IDENTIFIER=Intel64 Family 6 Model 140 Stepping 1, GenuineIntel
TMP=C:\Users\ANDRIN~1\AppData\Local\Temp
TEMP=C:\Users\ANDRIN~1\AppData\Local\Temp




---------------  S Y S T E M  ---------------

OS:
 Windows 11 , 64 bit Build 22621 (10.0.22621.3235)
OS uptime: 0 days 0:20 hours
Hyper-V role detected

CPU: total 8 (initial active 8) (4 cores per cpu, 2 threads per core) family 6 model 140 stepping 1 microcode 0xb6, cx8, cmov, fxsr, ht, mmx, 3dnowpref, sse, sse2, sse3, ssse3, sse4.1, sse4.2, popcnt, lzcnt, tsc, tscinvbit, avx, avx2, aes, erms, clmul, bmi1, bmi2, adx, avx512f, avx512dq, avx512cd, avx512bw, avx512vl, sha, fma, vzeroupper, avx512_vpopcntdq, avx512_vpclmulqdq, avx512_vaes, avx512_vnni, clflush, clflushopt, clwb, avx512_vbmi2, avx512_vbmi, hv, rdtscp, rdpid, fsrm, gfni, avx512_bitalg, f16c, cet_ibt, cet_ss, avx512_ifma
Processor Information for processor 0
  Max Mhz: 2995, Current Mhz: 2995, Mhz Limit: 2995
Processor Information for processor 1
  Max Mhz: 2995, Current Mhz: 2995, Mhz Limit: 2995
Processor Information for processor 2
  Max Mhz: 2995, Current Mhz: 2995, Mhz Limit: 2995
Processor Information for processor 3
  Max Mhz: 2995, Current Mhz: 2995, Mhz Limit: 2995
Processor Information for processor 4
  Max Mhz: 2995, Current Mhz: 2995, Mhz Limit: 2995
Processor Information for processor 5
  Max Mhz: 2995, Current Mhz: 2995, Mhz Limit: 2995
Processor Information for processor 6
  Max Mhz: 2995, Current Mhz: 2995, Mhz Limit: 2995
Processor Information for processor 7
  Max Mhz: 2995, Current Mhz: 998, Mhz Limit: 2995

Memory: 4k page, system-wide physical 16226M (2895M free)
TotalPageFile size 16226M (AvailPageFile size 13M)
current process WorkingSet (physical memory assigned to process): 11M, peak: 11M
current process commit charge ("private bytes"): 59M, peak: 123M

vm_info: OpenJDK 64-Bit Server VM (21+35-2513) for windows-amd64 JRE (21+35-2513), built on 2023-08-09T20:25:10Z by "mach5one" with MS VC++ 17.1 (VS2022)

END.
