#
# There is insufficient memory for the Java Runtime Environment to continue.
# Native memory allocation (mmap) failed to map 266338304 bytes for G1 virtual space
# Possible reasons:
#   The system is out of physical RAM or swap space
#   The process is running with CompressedOops enabled, and the Java Heap may be blocking the growth of the native heap
# Possible solutions:
#   Reduce memory load on the system
#   Increase physical memory or swap space
#   Check if swap backing store is full
#   Decrease Java heap size (-Xmx/-Xms)
#   Decrease number of Java threads
#   Decrease Java thread stack sizes (-Xss)
#   Set larger code cache with -XX:ReservedCodeCacheSize=
#   JVM is running with Zero Based Compressed Oops mode in which the Java heap is
#     placed in the first 32GB address space. The Java Heap base address is the
#     maximum limit for the native heap growth. Please use -XX:HeapBaseMinAddress
#     to set the Java Heap base and to place the Java Heap above 32GB virtual address.
# This output file may be truncated or incomplete.
#
#  Out of Memory Error (os_windows.cpp:3528), pid=15776, tid=16620
#
# JRE version:  (20.0.2.1+10) (build )
# Java VM: OpenJDK 64-Bit Server VM (20.0.2.1+10-FR, mixed mode, emulated-client, sharing, tiered, compressed oops, compressed class ptrs, g1 gc, windows-amd64)
# No core dump will be written. Minidumps are not enabled by default on client versions of Windows
#

---------------  S U M M A R Y ------------

Command Line: -XX:TieredStopAtLevel=1 -Dfile.encoding=windows-1252 -Duser.country=US -Duser.language=en -Duser.variant ch.noseryoung.AuthorAndrin296Uek.AuthorAndrin296UekApplication

Host: 11th Gen Intel(R) Core(TM) i7-1185G7 @ 3.00GHz, 8 cores, 15G,  Windows 11 , 64 bit Build 22621 (10.0.22621.3235)
Time: Wed Apr 10 21:08:10 2024 W. Europe Daylight Time elapsed time: 0.074467 seconds (0d 0h 0m 0s)

---------------  T H R E A D  ---------------

Current thread (0x000001b42c8b4220):  JavaThread "Unknown thread" [_thread_in_vm, id=16620, stack(0x000000a63c300000,0x000000a63c400000)]

Stack: [0x000000a63c300000,0x000000a63c400000]
Native frames: (J=compiled Java code, j=interpreted, Vv=VM code, C=native code)
V  [jvm.dll+0x6ba11a]
V  [jvm.dll+0x8968da]
V  [jvm.dll+0x898665]
V  [jvm.dll+0x898d53]
V  [jvm.dll+0x27f9ff]
V  [jvm.dll+0x6b6f69]
V  [jvm.dll+0x6abe7a]
V  [jvm.dll+0x358ce5]
V  [jvm.dll+0x360e46]
V  [jvm.dll+0x3b19fe]
V  [jvm.dll+0x3b1c85]
V  [jvm.dll+0x329d4a]
V  [jvm.dll+0x32ab6b]
V  [jvm.dll+0x86014f]
V  [jvm.dll+0x3be8d1]
V  [jvm.dll+0x84bc93]
V  [jvm.dll+0x44a22f]
V  [jvm.dll+0x44bcc1]
C  [jli.dll+0x525c]
C  [ucrtbase.dll+0x29363]
C  [KERNEL32.DLL+0x1257d]
C  [ntdll.dll+0x5aa58]


---------------  P R O C E S S  ---------------

Threads class SMR info:
_java_thread_list=0x00007ff98ca0e658, length=0, elements={
}

Java Threads: ( => current thread )

Other Threads:
  0x000001b42c9255e0 WorkerThread "GC Thread#0" [stack: 0x000000a63c400000,0x000000a63c500000] [id=14652]
  0x000001b42c936280 ConcurrentGCThread "G1 Main Marker" [stack: 0x000000a63c500000,0x000000a63c600000] [id=13964]
  0x000001b42c936cb0 WorkerThread "G1 Conc#0" [stack: 0x000000a63c600000,0x000000a63c700000] [id=14428]

[error occurred during error reporting (printing all threads), id 0xc0000005, EXCEPTION_ACCESS_VIOLATION (0xc0000005) at pc=0x00007ff98c18ca97]
VM state: not at safepoint (not fully initialized)

VM Mutex/Monitor currently owned by a thread:  ([mutex/lock_event])
[0x000001b42c8b3970] Heap_lock - owner thread: 0x000001b42c8b4220

Heap address: 0x0000000702600000, size: 4058 MB, Compressed Oops mode: Zero based, Oop shift amount: 3

CDS archive(s) mapped at: [0x0000000000000000-0x0000000000000000-0x0000000000000000), size 0, SharedBaseAddress: 0x0000000800000000, ArchiveRelocationMode: 1.
Narrow klass base: 0x0000000000000000, Narrow klass shift: 0, Narrow klass range: 0x0

GC Precious Log:
 CardTable entry size: 512
 Card Set container configuration: InlinePtr #cards 4 size 8 Array Of Cards #cards 16 size 48 Howl #buckets 8 coarsen threshold 3686 Howl Bitmap #cards 512 size 80 coarsen threshold 460 Card regions per heap region 1 cards per card region 4096

Heap:
 garbage-first heap   total 0K, used 0K [0x0000000702600000, 0x0000000800000000)
  region size 2048K, 0 young (0K), 0 survivors (0K)

[error occurred during error reporting (printing heap information), id 0xc0000005, EXCEPTION_ACCESS_VIOLATION (0xc0000005) at pc=0x00007ff98c562409]
GC Heap History (0 events):
No events

Dll operation events (1 events):
Event: 0.044 Loaded shared library C:\Users\Andrin Rüegg\.jdks\corretto-20.0.2.1\bin\java.dll

Deoptimization events (0 events):
No events

Classes loaded (0 events):
No events

Classes unloaded (0 events):
No events

Classes redefined (0 events):
No events

Internal exceptions (0 events):
No events

VM Operations (0 events):
No events

Events (0 events):
No events


Dynamic libraries:
0x00007ff6a87d0000 - 0x00007ff6a87de000 	C:\Users\Andrin Rüegg\.jdks\corretto-20.0.2.1\bin\java.exe
0x00007ff9e74b0000 - 0x00007ff9e76c6000 	C:\WINDOWS\SYSTEM32\ntdll.dll
0x00007ff9e61c0000 - 0x00007ff9e6284000 	C:\WINDOWS\System32\KERNEL32.DLL
0x00007ff9e4b30000 - 0x00007ff9e4ed6000 	C:\WINDOWS\System32\KERNELBASE.dll
0x00007ff9e4ee0000 - 0x00007ff9e4ff1000 	C:\WINDOWS\System32\ucrtbase.dll
0x00007ff9c6390000 - 0x00007ff9c63a7000 	C:\Users\Andrin Rüegg\.jdks\corretto-20.0.2.1\bin\jli.dll
0x00007ff9c6370000 - 0x00007ff9c638b000 	C:\Users\Andrin Rüegg\.jdks\corretto-20.0.2.1\bin\VCRUNTIME140.dll
0x00007ff9e6010000 - 0x00007ff9e61bd000 	C:\WINDOWS\System32\USER32.dll
0x00007ff9e5000000 - 0x00007ff9e5026000 	C:\WINDOWS\System32\win32u.dll
0x00007ff9e7080000 - 0x00007ff9e70a9000 	C:\WINDOWS\System32\GDI32.dll
0x00007ff9e4870000 - 0x00007ff9e4988000 	C:\WINDOWS\System32\gdi32full.dll
0x00007ff9c8ae0000 - 0x00007ff9c8d73000 	C:\WINDOWS\WinSxS\amd64_microsoft.windows.common-controls_6595b64144ccf1df_6.0.22621.3235_none_270f74e173860f98\COMCTL32.dll
0x00007ff9e5030000 - 0x00007ff9e50ca000 	C:\WINDOWS\System32\msvcp_win.dll
0x00007ff9e5df0000 - 0x00007ff9e5e97000 	C:\WINDOWS\System32\msvcrt.dll
0x00007ff9e7040000 - 0x00007ff9e7071000 	C:\WINDOWS\System32\IMM32.DLL
0x00007ff9d7e10000 - 0x00007ff9d7e1c000 	C:\Users\Andrin Rüegg\.jdks\corretto-20.0.2.1\bin\vcruntime140_1.dll
0x00007ff9c5d90000 - 0x00007ff9c5e1e000 	C:\Users\Andrin Rüegg\.jdks\corretto-20.0.2.1\bin\msvcp140.dll
0x00007ff98be50000 - 0x00007ff98cb54000 	C:\Users\Andrin Rüegg\.jdks\corretto-20.0.2.1\bin\server\jvm.dll
0x00007ff9e5ab0000 - 0x00007ff9e5b62000 	C:\WINDOWS\System32\ADVAPI32.dll
0x00007ff9e6290000 - 0x00007ff9e6338000 	C:\WINDOWS\System32\sechost.dll
0x00007ff9e4990000 - 0x00007ff9e49b8000 	C:\WINDOWS\System32\bcrypt.dll
0x00007ff9e6e70000 - 0x00007ff9e6f85000 	C:\WINDOWS\System32\RPCRT4.dll
0x00007ff9c41f0000 - 0x00007ff9c41f9000 	C:\WINDOWS\SYSTEM32\WSOCK32.dll
0x00007ff9e6fc0000 - 0x00007ff9e7031000 	C:\WINDOWS\System32\WS2_32.dll
0x00007ff9db760000 - 0x00007ff9db794000 	C:\WINDOWS\SYSTEM32\WINMM.dll
0x00007ff9da7e0000 - 0x00007ff9da7ea000 	C:\WINDOWS\SYSTEM32\VERSION.dll
0x00007ff9e37f0000 - 0x00007ff9e3808000 	C:\WINDOWS\SYSTEM32\kernel.appcore.dll
0x00007ff9ca0c0000 - 0x00007ff9ca0ca000 	C:\Users\Andrin Rüegg\.jdks\corretto-20.0.2.1\bin\jimage.dll
0x00007ff9e1db0000 - 0x00007ff9e1fe3000 	C:\WINDOWS\SYSTEM32\DBGHELP.DLL
0x00007ff9e5720000 - 0x00007ff9e5aa8000 	C:\WINDOWS\System32\combase.dll
0x00007ff9e70b0000 - 0x00007ff9e7187000 	C:\WINDOWS\System32\OLEAUT32.dll
0x00007ff9d4680000 - 0x00007ff9d46b2000 	C:\WINDOWS\SYSTEM32\dbgcore.DLL
0x00007ff9e47f0000 - 0x00007ff9e486a000 	C:\WINDOWS\System32\bcryptPrimitives.dll
0x00007ff9b1ec0000 - 0x00007ff9b1ee6000 	C:\Users\Andrin Rüegg\.jdks\corretto-20.0.2.1\bin\java.dll

dbghelp: loaded successfully - version: 4.0.5 - missing functions: none
symbol engine: initialized successfully - sym options: 0x614 - pdb path: .;C:\Users\Andrin Rüegg\.jdks\corretto-20.0.2.1\bin;C:\WINDOWS\SYSTEM32;C:\WINDOWS\WinSxS\amd64_microsoft.windows.common-controls_6595b64144ccf1df_6.0.22621.3235_none_270f74e173860f98;C:\Users\Andrin Rüegg\.jdks\corretto-20.0.2.1\bin\server

VM Arguments:
jvm_args: -XX:TieredStopAtLevel=1 -Dfile.encoding=windows-1252 -Duser.country=US -Duser.language=en -Duser.variant 
java_command: ch.noseryoung.AuthorAndrin296Uek.AuthorAndrin296UekApplication
java_class_path (initial): C:\ÜK295\UEK295AuthorAndrin\AuthorAndrin296Uek\build\classes\java\main;C:\ÜK295\UEK295AuthorAndrin\AuthorAndrin296Uek\build\resources\main;C:\Users\Andrin Rüegg\.gradle\caches\modules-2\files-2.1\org.springframework.boot\spring-boot-devtools\3.2.4\ccd261700a4ff8e8f629a4d267f0b4f53ca17897\spring-boot-devtools-3.2.4.jar;C:\Users\Andrin Rüegg\.gradle\caches\modules-2\files-2.1\org.springdoc\springdoc-openapi-ui\1.7.0\f4763107b0fb1f9c17fe6523b2fd0ca6cb201d66\springdoc-openapi-ui-1.7.0.jar;C:\Users\Andrin Rüegg\.gradle\caches\modules-2\files-2.1\org.hibernate.validator\hibernate-validator\8.0.1.Final\e49e116b3d3928060599b176b3538bb848718e95\hibernate-validator-8.0.1.Final.jar;C:\Users\Andrin Rüegg\.gradle\caches\modules-2\files-2.1\org.springdoc\springdoc-openapi-webmvc-core\1.7.0\dda7c4a2bcddd4c6d47b6ed72c196f9234eb1b88\springdoc-openapi-webmvc-core-1.7.0.jar;C:\Users\Andrin Rüegg\.gradle\caches\modules-2\files-2.1\org.springdoc\springdoc-openapi-common\1.7.0\dbee27b9a0334a572735c3ed62ffd11adce73a62\springdoc-openapi-common-1.7.0.jar;C:\Users\Andrin Rüegg\.gradle\caches\modules-2\files-2.1\io.swagger.core.v3\swagger-core\2.2.9\b49209fa7b6924426fae10a8e682cd2123d3cd24\swagger-core-2.2.9.jar;C:\Users\Andrin Rüegg\.gradle\caches\modules-2\files-2.1\org.springdoc\springdoc-openapi-starter-webmvc-ui\2.3.0\b4af31e9d40539c94f8debbf760134d961333c24\springdoc-openapi-starter-webmvc-ui-2.3.0.jar;C:\Users\Andrin Rüegg\.gradle\caches\modules-2\files-2.1\org.springdoc\springdoc-openapi-starter-webmvc-api\2.3.0\e8e6e46e2b7875c1789782d3820536bb2d868b17\springdoc-openapi-starter-webmvc-api-2.3.0.jar;C:\Users\Andrin Rüegg\.gradle\caches\modules-2\files-2.1\org.springdoc\springdoc-openapi-starter-common\2.3.0\acf3654082b3e000d5b59cc9733227702aa57f75\springdoc-openapi-starter-common-2.3.0.jar;C:\Users\Andrin Rüegg\.gradle\caches\modules-2\files-2.1\io.swagger.core.v3\swagger-core-jakarta\2.2.19\1bbc09fba4c0ac2375da7563cb03dfd0f3e07100\swagger-core-jakarta-2.2.19.jar;C:\Users\Andrin Rüegg\.gradle\caches\modules-2\files-2.1\jakarta.validation\jakarta.validation-api\3.0.0\8c8eecc40da64037d7731356511c568d466f8480\jakarta.validation-api-3.0.0.jar;C:\Users\Andrin Rüegg\.gradle\caches\modules-2\files-2.1\org.postgresql\postgresql\42.6.2\18c33c28326b2f81480833291b81f5eca080ab3c\postgresql-42.6.2.jar;C:\Users\Andrin Rüegg\.gradle\caches\modules-2\files-2.1\org.springframework.boot\spring-boot-autoconfigure\3.2.4\b3f481aff8f0775f44d78399c804a8c52d75b971\spring-boot-autoconfigure-3.2.4.jar;C:\Users\Andrin Rüegg\.gradle\caches\modules-2\files-2.1\org.springframework.boot\spring-boot\3.2.4\ccb7cbb30dcf1d91dbbf20a3219a457eead46601\spring-boot-3.2.4.jar;C:\Users\Andrin Rüegg\.gradle\caches\modules-2\files-2.1\org.hibernate.orm\hibernate-core\6.4.4.Final\5c9decb3c5a70bf7801d41fc32633416c26be069\hibernate-core-6.4.4.Final.jar;C:\Users\Andrin Rüegg\.gradle\caches\modules-2\files-2.1\org.springframework.data\spring-data-jpa\3.2.4\1932f90c487999575b57ad41986de96c8ebf5843\spring-data-jpa-3.2.4.jar;C:\Users\Andrin Rüegg\.gradle\caches\modules-2\files-2.1\org.springframework\spring-aspects\6.1.5\202d9da55e24fec2eda80bbc3cd87fbefc0e1256\spring-aspects-6.1.5.jar;C:\Users\Andrin Rüegg\.gradle\caches\modules-2\files-2.1\org.apache.tomcat.embed\tomcat-embed-el\10.1.19\c61a582c391aca130884a5421deedfe1a96c7415\tomcat-embed-el-10.1.19.jar;C:\Users\Andrin Rüegg\.gradle\caches\modules-2\files-2.1\org.springframework\spring-webmvc\6.1.5\92809fce136e0b662dc9325529443386ba5ec2c6\spring-webmvc-6.1.5.jar;C:\Users\Andrin Rüegg\.gradle\caches\modules-2\files-2.1\org.springframework.security\spring-security-web\6.2.3\d560c082805438b749e4e9267916ca7f1f0a430d\spring-security-web-6.2.3.jar;C:\Users\Andrin Rüegg\.gradle\caches\modules-2\files-2.1\org.springframework\spring-web\6.1.5\4f4e92cc52ee33260f1ee0cdc7b7a2f22d49708c\spring-web-6.1.5.jar;C:\Users\Andrin Rüegg\.gradle\caches\modules-2\files-2.1\org.springframework.security\spring-security-config\6.2.3\281d0393358b963147b5499789ad211f7362d460\spring-security-config-6.2.3.jar;C:\Users\Andrin Rüegg\.gradle\caches\modules-2\files-2.1\org.springframework.security\spring-security-core\6.2.3\52f2751381dcfad2c8cd2bfb4c7ca7b1adf2ea5e\spring-security-core-6.2.3.jar;C:\Users\Andrin Rüegg\.gradle\caches\modules-2\files-2.1\org.springframework\spring-context\6.1.5\735d1bd7372d7c53e7b31b4a9c980ce2e0b26424\spring-context-6.1.5.jar;C:\Users\Andrin Rüegg\.gradle\caches\modules-2\files-2.1\org.springframework\spring-aop\6.1.5\a4f596bd3c55b6cec93f0e2e7245dd0bab8afec3\spring-aop-6.1.5.jar;C:\Users\Andrin Rüegg\.gradle\caches\modules-2\files-2.1\org.webjars\swagger-ui\5.10.3\744ae2862cc79c137020f2ce6e07de2f1d6a2657\swagger-ui-5.10.3.jar;C:\Users\Andrin Rüegg\.gradle\caches\modules-2\files-2.1\org.checkerframework\checker-qual\3.31.0\eeefd4af42e2f4221d145c1791582f91868f99ab\checker-qual-3.31.0.jar;C:\Users\Andrin Rüegg\.gradle\caches\modules-2\files-2.1\org.springframework\spring-orm\6.1.5\d2dc2b996680fcc8ae5aea294f0ce6bda5577c7c\spring-orm-6.1.5.jar;C:\Users\Andrin Rüegg\.gradle\caches\modules-2\files-2.1\org.springframework\spring-jdbc\6.1.5\e8617dcddd3377c809b3e62c325fcb923163cb20\spring-jdbc-6.1.5.jar;C:\Users\Andrin Rüegg\.gradle\caches\modules-2\files-2.1\org.springframework.data\spring-data-commons\3.2.4\c934470822afb9f0751915b229d6fe28ff5e1ac2\spring-data-commons-3.2.4.jar;C:\Users\Andrin Rüegg\.gradle\caches\modules-2\files-2.1\org.springframework\spring-tx\6.1.5\90e95f4c3e30f9ecaef6ba53186ed21afebba618\spring-tx-6.1.5.jar;C:\Users\Andrin Rüegg\.gradle\caches\modules-2\files-2.1\org.springframework\spring-beans\6.1.5\9ae967f467281c9bb977585ef4d5ea7351704d60\spring-beans-6.1.5.jar;C:\Users\Andrin Rüegg\.gradle\caches\modules-2\files-2.1\org.springframework\spring-expression\6.1.5\7e21cb1c6bbef1509e12d485b75ffc61278d9fa7\spring-expression-6.1.5.jar;C:\Users\Andrin Rüegg\.gradle\caches\modules-2\files-2.1\org.springframework\spring-core\6.1.5\6dae1b06ffacbb9abab636be2dbc6acd3b6e5d68\spring-core-6.1.5.jar;C:\Users\Andrin Rüegg\.gradle\caches\modules-2\files-2.1\org.aspectj\aspectjweaver\1.9.21\beaabaea95c7f3330f415c72ee0ffe79b51d172f\aspectjweaver-1.9.21.jar;C:\Users\Andrin Rüegg\.gradle\caches\modules-2\files-2.1\com.zaxxer\HikariCP\5.0.1\a74c7f0a37046846e88d54f7cb6ea6d565c65f9c\HikariCP-5.0.1.jar;C:\Users\Andrin Rüegg\.gradle\caches\modules-2\files-2.1\jakarta.persistence\jakarta.persistence-api\3.1.0\66901fa1c373c6aff65c13791cc11da72060a8d6\jakarta.persistence-api-3.1.0.jar;C:\Users\Andrin Rüegg\.gradle\caches\modules-2\files-2.1\jakarta.transaction\jakarta.transaction-api\2.0.1\51a520e3fae406abb84e2e1148e6746ce3f80a1a\jakarta.transaction-api-2.0.1.jar;C:\Users\Andrin Rüegg\.gradle\caches\modules-2\files-2.1\org.jboss.logging\jboss-logging\3.5.3.Final\c88fc1d8a96d4c3491f55d4317458ccad53ca663\jboss-logging-3.5.3.Final.jar;C:\Users\Andrin Rüegg\.gradle\caches\modules-2\files-2.1\org.hibernate.common\hibernate-commons-annotations\6.0.6.Final\77a5f94b56d49508e0ee334751db5b78e5ccd50c\hibernate-commons-annotations-6.0.6.Final.jar;C:\Users\Andrin Rüegg\.gradle\caches\modules-2\files-2.1\io.smallrye\jandex\3.1.2\a6c1c89925c7df06242b03dddb353116ceb9584c\jandex-3.1.2.jar;C:\Users\Andrin Rüegg\.gradle\caches\modules-2\files-2.1\com.fasterxml\classmate\1.6.0\91affab6f84a2182fce5dd72a8d01bc14346dddd\classmate-1.6.0.jar;C:\Users\Andrin Rüegg\.gradle\caches\modules-2\files-2.1\net.bytebuddy\byte-buddy\1.14.12\6e37f743dc15a8d7a4feb3eb0025cbc612d5b9e1\byte-buddy-1.14.12.jar;C:\Users\Andrin Rüegg\.gradle\caches\modules-2\files-2.1\org.glassfish.jaxb\jaxb-runtime\4.0.5\ca84c2a7169b5293e232b9d00d1e4e36d4c3914a\jaxb-runtime-4.0.5.jar;C:\Users\Andrin Rüegg\.gradle\caches\modules-2\files-2.1\org.glassfish.jaxb\jaxb-core\4.0.5\7b4b11ea5542eea4ad55e1080b23be436795b3\jaxb-core-4.0.5.jar;C:\Users\Andrin Rüegg\.gradle\caches\modules-2\files-2.1\jakarta.xml.bind\jakarta.xml.bind-api\4.0.2\6cd5a999b834b63238005b7144136379dc36cad2\jakarta.xml.bind-api-4.0.2.jar;C:\Users\Andrin Rüegg\.gradle\caches\modules-2\files-2.1\jakarta.inject\jakarta.inject-api\2.0.1\4c28afe1991a941d7702fe1362c365f0a8641d1e\jakarta.inject-api-2.0.1.jar;C:\Users\Andrin Rüegg\.gradle\caches\modules-2\files-2.1\org.antlr\antlr4-runtime\4.13.0\5a02e48521624faaf5ff4d99afc88b01686af655\antlr4-runtime-4.13.0.jar;C:\Users\Andrin Rüegg\.gradle\caches\modules-2\files-2.1\jakarta.annotation\jakarta.annotation-api\2.1.1\48b9bda22b091b1f48b13af03fe36db3be6e1ae3\jakarta.annotation-api-2.1.1.jar;C:\Users\Andrin Rüegg\.gradle\caches\modules-2\files-2.1\ch.qos.logback\logback-classic\1.4.14\d98bc162275134cdf1518774da4a2a17ef6fb94d\logback-classic-1.4.14.jar;C:\Users\Andrin Rüegg\.gradle\caches\modules-2\files-2.1\org.apache.logging.log4j\log4j-to-slf4j\2.21.1\d77b2ba81711ed596cd797cc2b5b5bd7409d841c\log4j-to-slf4j-2.21.1.jar;C:\Users\Andrin Rüegg\.gradle\caches\modules-2\files-2.1\org.slf4j\jul-to-slf4j\2.0.12\eb5f48f782b41cc881b0bf1fb4d88ae2ff6d5b93\jul-to-slf4j-2.0.12.jar;C:\Users\Andrin Rüegg\.gradle\caches\modules-2\files-2.1\org.slf4j\slf4j-api\2.0.12\48f109a2a6d8f446c794f3e3fa0d86df0cdfa312\slf4j-api-2.0.12.jar;C:\Users\Andrin Rüegg\.gradle\caches\modules-2\files-2.1\com.fasterxml.jackson.datatype\jackson-datatype-jdk8\2.15.4\694777f182334a21bf1aeab1b04cc4398c801f3f\jackson-datatype-jdk8-2.15.4.jar;C:\Users\Andrin Rüegg\.gradle\caches\modules-2\files-2.1\com.fasterxml.jackson.datatype\jackson-datatype-jsr310\2.15.4\7de629770a4559db57128d35ccae7d2fddd35db3\jackson-datatype-jsr310-2.15.4.jar;C:\Users\Andrin Rüegg\.gradle\caches\modules-2\files-2.1\com.fasterxml.jackson.module\jackson-module-parameter-names\2.15.4\e654497a08359db2521b69b5f710e00836915d8c\jackson-module-parameter-names-2.15.4.jar;C:\Users\Andrin Rüegg\.gradle\caches\modules-2\files-2.1\com.fasterxml.jackson.core\jackson-databind\2.15.4\560309fc381f77d4d15c4a4cdaa0db5025c4fd13\jackson-databind-2.15.4.jar;C:\Users\Andrin Rüegg\.gradle\caches\modules-2\files-2.1\io.swagger.core.v3\swagger-models\2.2.9\dd5d5aa8c1dff71ce30fe6181a66b1d62a1cf050\swagger-models-2.2.9.jar;C:\Users\Andrin Rüegg\.gradle\caches\modules-2\files-2.1\io.swagger.core.v3\swagger-models-jakarta\2.2.19\72b8a8ba29654ba31d951311081c33d464cee138\swagger-models-jakarta-2.2.19.jar;C:\Users\Andrin Rüegg\.gradle\caches\modules-2\files-2.1\com.fasterxml.jackson.core\jackson-annotations\2.15.4\5223ea5a9bf52cdc9c5e537a0e52f2432eaf208b\jackson-annotations-2.15.4.jar;C:\Users\Andrin Rüegg\.gradle\caches\modules-2\files-2.1\com.fasterxml.jackson.core\jackson-core\2.15.4\aebe84b45360debad94f692a4074c6aceb535fa0\jackson-core-2.15.4.jar;C:\Users\Andrin Rüegg\.gradle\caches\modules-2\files-2.1\com.fasterxml.jackson.dataformat\jackson-dataformat-yaml\2.15.4\4a5dcae45b67fe5edbec821711555d30347f69a0\jackson-dataformat-yaml-2.15.4.jar;C:\Users\Andrin Rüegg\.gradle\caches\modules-2\files-2.1\org.yaml\snakeyaml\2.2\3af797a25458550a16bf89acc8e4ab2b7f2bfce0\snakeyaml-2.2.jar;C:\Users\Andrin Rüegg\.gradle\caches\modules-2\files-2.1\org.apache.tomcat.embed\tomcat-embed-websocket\10.1.19\adf4710fac2471236f8a466ca678cdf7e6a8257c\tomcat-embed-websocket-10.1.19.jar;C:\Users\Andrin Rüegg\.gradle\caches\modules-2\files-2.1\org.apache.tomcat.embed\tomcat-embed-core\10.1.19\3dbbca8acbd4dd6a137c3d6f934a2931512b42ce\tomcat-embed-core-10.1.19.jar;C:\Users\Andrin Rüegg\.gradle\caches\modules-2\files-2.1\io.micrometer\micrometer-observation\1.12.4\492deebbd9b8ab23f588428f66578e21af266e01\micrometer-observation-1.12.4.jar;C:\Users\Andrin Rüegg\.gradle\caches\modules-2\files-2.1\org.springframework\spring-jcl\6.1.5\896ae3519327731589c6e77521656b50ae32d5b3\spring-jcl-6.1.5.jar;C:\Users\Andrin Rüegg\.gradle\caches\modules-2\files-2.1\org.eclipse.angus\angus-activation\2.0.2\41f1e0ddd157c856926ed149ab837d110955a9fc\angus-activation-2.0.2.jar;C:\Users\Andrin Rüegg\.gradle\caches\modules-2\files-2.1\jakarta.activation\jakarta.activation-api\2.1.3\fa165bd70cda600368eee31555222776a46b881f\jakarta.activation-api-2.1.3.jar;C:\Users\Andrin Rüegg\.gradle\caches\modules-2\files-2.1\io.micrometer\micrometer-commons\1.12.4\a57f10c78956b38087f97beae66cf14cb8b08d34\micrometer-commons-1.12.4.jar;C:\Users\Andrin Rüegg\.gradle\caches\modules-2\files-2.1\org.springframework.security\spring-security-crypto\6.2.3\dbe4e299636951e00f18223a1794806d75000e7d\spring-security-crypto-6.2.3.jar;C:\Users\Andrin Rüegg\.gradle\caches\modules-2\files-2.1\org.glassfish.jaxb\txw2\4.0.5\f36a4ef12120a9bb06d766d6a0e54b144fd7ed98\txw2-4.0.5.jar;C:\Users\Andrin Rüegg\.gradle\caches\modules-2\files-2.1\com.sun.istack\istack-commons-runtime\4.1.2\18ec117c85f3ba0ac65409136afa8e42bc74e739\istack-commons-runtime-4.1.2.jar;C:\Users\Andrin Rüegg\.gradle\caches\modules-2\files-2.1\ch.qos.logback\logback-core\1.4.14\4d3c2248219ac0effeb380ed4c5280a80bf395e8\logback-core-1.4.14.jar;C:\Users\Andrin Rüegg\.gradle\caches\modules-2\files-2.1\org.apache.logging.log4j\log4j-api\2.21.1\74c65e87b9ce1694a01524e192d7be989ba70486\log4j-api-2.21.1.jar;C:\Users\Andrin Rüegg\.gradle\caches\modules-2\files-2.1\org.apache.commons\commons-lang3\3.13.0\b7263237aa89c1f99b327197c41d0669707a462e\commons-lang3-3.13.0.jar;C:\Users\Andrin Rüegg\.gradle\caches\modules-2\files-2.1\io.swagger.core.v3\swagger-annotations\2.2.9\ecaaa83ab7f8aacdaad502e7085e2c841c718f34\swagger-annotations-2.2.9.jar;C:\Users\Andrin Rüegg\.gradle\caches\modules-2\files-2.1\io.swagger.core.v3\swagger-annotations-jakarta\2.2.19\c180d87c78d367771bbd954ebceba1b6c576fb52\swagger-annotations-jakarta-2.2.19.jar
Launcher Type: SUN_STANDARD

[Global flags]
     intx CICompilerCount                          = 4                                         {product} {ergonomic}
     uint ConcGCThreads                            = 2                                         {product} {ergonomic}
     uint G1ConcRefinementThreads                  = 8                                         {product} {ergonomic}
   size_t G1HeapRegionSize                         = 2097152                                   {product} {ergonomic}
    uintx GCDrainStackTargetSize                   = 64                                        {product} {ergonomic}
   size_t InitialHeapSize                          = 266338304                                 {product} {ergonomic}
   size_t MarkStackSize                            = 4194304                                   {product} {ergonomic}
   size_t MaxHeapSize                              = 4255121408                                {product} {ergonomic}
   size_t MinHeapDeltaBytes                        = 2097152                                   {product} {ergonomic}
   size_t MinHeapSize                              = 8388608                                   {product} {ergonomic}
    uintx NonProfiledCodeHeapSize                  = 0                                      {pd product} {ergonomic}
     bool ProfileInterpreter                       = false                                  {pd product} {command line}
    uintx ProfiledCodeHeapSize                     = 0                                      {pd product} {ergonomic}
   size_t SoftMaxHeapSize                          = 4255121408                             {manageable} {ergonomic}
     intx TieredStopAtLevel                        = 1                                         {product} {command line}
     bool UseCompressedClassPointers               = true                           {product lp64_product} {ergonomic}
     bool UseCompressedOops                        = true                           {product lp64_product} {ergonomic}
     bool UseG1GC                                  = true                                      {product} {ergonomic}
     bool UseLargePagesIndividualAllocation        = false                                  {pd product} {ergonomic}

Logging:
Log output configuration:
 #0: stdout all=warning uptime,level,tags foldmultilines=false
 #1: stderr all=off uptime,level,tags foldmultilines=false

Environment Variables:
JAVA_HOME=C:\MyTools\jdk-21
PATH=C:\MyTools\jdk-21\bin;C:\Program Files (x86)\VMware\VMware Workstation\bin\;C:\Program Files\PostgreSQL\16\bin;C:\WINDOWS\system32;C:\WINDOWS;C:\WINDOWS\System32\Wbem;C:\WINDOWS\System32\WindowsPowerShell\v1.0\;C:\WINDOWS\System32\OpenSSH\;C:\Program Files\dotnet\;C:\Program Files\PuTTY\;C:\Program Files\Git\cmd;C:\Program Files (x86)\Gpg4win\..\GnuPG\bin;C:\Program Files\PowerShell\7\;C:\Program Files\Cloudflare\Cloudflare WARP\;C:\Program Files\Docker\Docker\resources\bin;C:\Users\Andrin Rüegg\AppData\Local\Programs\Python\Python312\Scripts\;C:\Users\Andrin Rüegg\AppData\Local\Programs\Python\Python312\;C:\Program Files\MySQL\MySQL Shell 8.0\bin\;C:\Users\Andrin Rüegg\AppData\Local\Microsoft\WindowsApps;C:\Users\Andrin Rüegg\AppData\Local\Programs\Microsoft VS Code\bin;C:\MinGW\bin;C:\MyTools\msys64;C:\MyTools\msys64\mingw64\bin;C:\Users\Andrin Rüegg\AppData\Local\gitkraken\bin;C:\Users\Andrin Rüegg\AppData\Local\GitHubDesktop\bin;C:\ProgramData\Andrin Rüegg\GitHubDesktop\bin;C:\Users\Andrin Rüegg\AppData\Local\Programs\Python\Python312;
USERNAME=Andrin Rüegg
OS=Windows_NT
PROCESSOR_IDENTIFIER=Intel64 Family 6 Model 140 Stepping 1, GenuineIntel
TMP=C:\Users\ANDRIN~1\AppData\Local\Temp
TEMP=C:\Users\ANDRIN~1\AppData\Local\Temp




---------------  S Y S T E M  ---------------

OS:
 Windows 11 , 64 bit Build 22621 (10.0.22621.3235)
OS uptime: 0 days 0:12 hours
Hyper-V role detected

CPU: total 8 (initial active 8) (4 cores per cpu, 2 threads per core) family 6 model 140 stepping 1 microcode 0xb6, cx8, cmov, fxsr, ht, mmx, 3dnowpref, sse, sse2, sse3, ssse3, sse4.1, sse4.2, popcnt, lzcnt, tsc, tscinvbit, avx, avx2, aes, erms, clmul, bmi1, bmi2, adx, avx512f, avx512dq, avx512cd, avx512bw, avx512vl, sha, fma, vzeroupper, avx512_vpopcntdq, avx512_vpclmulqdq, avx512_vaes, avx512_vnni, clflush, clflushopt, clwb, avx512_vbmi2, avx512_vbmi, hv, rdtscp, rdpid, fsrm, gfni, avx512_bitalg, f16c, cet_ibt, cet_ss, avx512_ifma

Memory: 4k page, system-wide physical 16226M (1663M free)
TotalPageFile size 16226M (AvailPageFile size 159M)
current process WorkingSet (physical memory assigned to process): 11M, peak: 11M
current process commit charge ("private bytes"): 55M, peak: 309M

vm_info: OpenJDK 64-Bit Server VM (20.0.2.1+10-FR) for windows-amd64 JRE (20.0.2.1+10-FR), built on 2023-08-19T09:18:31Z by "Administrator" with unknown MS VC++:1937

END.
